    ├── Left:
    │   └── Node
    │       ├── Left:
    │       │   └── Node
    │       │       └── Elements: [3]
    │       └── Right:
    │           └── Node
    │               └── Elements: [5]
    └── Right:
        └── Node
            └── Elements: [1, 5]

0 : Cone { pos: Vec3 { x: 1.0, y: 0.0, z: 0.0 }, dir: Vec3 { x: 0.5773502691896258, y: 0.5773502691896258, z: 0.5773502691896258 }, radius: 0.5, height: 2.0, cos_powed: 0.9411764705882353, plane: Plane { pos: Vec3 { x: 2.1547005383792515, y: 1.1547005383792517, z: 1.1547005383792517 }, dir: Vec3 { x: 0.5773502691896258, y: 0.5773502691896258, z: 0.5773502691896258 } }, aabb: Aabb { x_min: 1.0, x_max: 2.5594562081242915, y_min: 0.0, y_max: 1.5594562081242915, z_min: 0.0, z_max: 1.5629488288431148, pos: Vec3 { x: 1.7797281040621458, y: 0.7797281040621458, z: 0.7814744144215574 } } }
1 : Aabb { x_min: 1.0, x_max: 2.5594562081242915, y_min: 0.0, y_max: 1.5594562081242915, z_min: 0.0, z_max: 1.5629488288431148, pos: Vec3 { x: 1.7797281040621458, y: 0.7797281040621458, z: 0.7814744144215574 } }
2 : Sphere { pos: Vec3 { x: -1.0, y: 0.0, z: 0.0 }, dir: Vec3 { x: 0.5773502691896258, y: 0.5773502691896258, z: 0.5773502691896258 }, radius: 0.5, aabb: Aabb { x_min: -1.5, x_max: -0.5, y_min: -0.5, y_max: 0.5, z_min: -0.5, z_max: 0.5, pos: Vec3 { x: -1.0, y: 0.0, z: 0.0 } } }
3 : Aabb { x_min: -1.5, x_max: -0.5, y_min: -0.5, y_max: 0.5, z_min: -0.5, z_max: 0.5, pos: Vec3 { x: -1.0, y: 0.0, z: 0.0 } }
4 : Cylinder { pos: Vec3 { x: 0.0, y: -1.0, z: 0.0 }, dir: Vec3 { x: 0.5773502691896258, y: 0.5773502691896258, z: 0.5773502691896258 }, radius: 0.5, height: 2.0, plane: [Plane { pos: Vec3 { x: 0.0, y: -1.0, z: 0.0 }, dir: Vec3 { x: -0.5773502691896258, y: -0.5773502691896258, z: -0.5773502691896258 } }, Plane { pos: Vec3 { x: 1.1547005383792517, y: 0.15470053837925168, z: 1.1547005383792517 }, dir: Vec3 { x: 0.5773502691896258, y: 0.5773502691896258, z: 0.5773502691896258 } }], aabb: Aabb { x_min: -0.408248290463863, x_max: 1.5629488288431146, y_min: -1.4082482904638631, y_max: 0.5629488288431147, z_min: -0.408248290463863, z_max: 1.5629488288431146, pos: Vec3 { x: 0.5773502691896257, y: -0.4226497308103742, z: 0.5773502691896257 } } }
5 : Aabb { x_min: -0.408248290463863, x_max: 1.5629488288431146, y_min: -1.4082482904638631, y_max: 0.5629488288431147, z_min: -0.408248290463863, z_max: 1.5629488288431146, pos: Vec3 { x: 0.5773502691896257, y: -0.4226497308103742, z: 0.5773502691896257 } }
6 : Plane { pos: Vec3 { x: -5.0, y: 0.0, z: 0.0 }, dir: Vec3 { x: 1.0, y: 0.0, z: 0.0 } }
7 : Plane { pos: Vec3 { x: 5.0, y: 0.0, z: 0.0 }, dir: Vec3 { x: -1.0, y: 0.0, z: 0.0 } }
8 : Plane { pos: Vec3 { x: 0.0, y: -5.0, z: 0.0 }, dir: Vec3 { x: 0.0, y: 1.0, z: 0.0 } }
9 : Plane { pos: Vec3 { x: 0.0, y: 5.0, z: 0.0 }, dir: Vec3 { x: 0.0, y: -1.0, z: 0.0 } }
10 : Plane { pos: Vec3 { x: 0.0, y: 0.0, z: 5.0 }, dir: Vec3 { x: 0.0, y: 0.0, z: -1.0 } }
11 : Plane { pos: Vec3 { x: 0.0, y: 0.0, z: -10.0 }, dir: Vec3 { x: 0.0, y: 0.0, z: 1.0 } }
12 : Wireframe { x_min: 1.0, x_max: 2.5594562081242915, y_min: 0.0, y_max: 1.5594562081242915, z_min: 0.0, z_max: 1.5629488288431148, pos: Vec3 { x: 1.7797281040621458, y: 0.7797281040621458, z: 0.7814744144215574 } }
13 : Wireframe { x_min: -1.5, x_max: -0.5, y_min: -0.5, y_max: 0.5, z_min: -0.5, z_max: 0.5, pos: Vec3 { x: -1.0, y: 0.0, z: 0.0 } }
14 : Wireframe { x_min: -0.408248290463863, x_max: 1.5629488288431146, y_min: -1.4082482904638631, y_max: 0.5629488288431147, z_min: -0.408248290463863, z_max: 1.5629488288431146, pos: Vec3 { x: 0.5773502691896257, y: -0.4226497308103742, z: 0.5773502691896257 } }